<?xml version="1.0" encoding="UTF-8"?>
<!-- Generated by org.testng.reporters.JUnitReportReporter -->
<testsuite hostname="USER-20180602NR" name="cn.testCase.TestEmail163Login" tests="1" failures="0" timestamp="16 Feb 2020 08:27:23 GMT" time="21.044" errors="0">
  <testcase name="testLogin" time="21.044" classname="cn.testCase.TestEmail163Login"/>
</testsuite> <!-- cn.testCase.TestEmail163Login -->
